<?xml version="1.0" encoding="UTF-8"?>
<testsuite xmlns:xsi="http://www.w3.org/2001/XMLSchema-instance" xsi:noNamespaceSchemaLocation="https://maven.apache.org/surefire/maven-surefire-plugin/xsd/surefire-test-report.xsd" name="sudoku.AppTest" time="0.268" tests="4" errors="0" skipped="0" failures="1">
  <properties>
    <property name="java.specification.version" value="16"/>
    <property name="sun.cpu.isalist" value="amd64"/>
    <property name="sun.jnu.encoding" value="Cp1257"/>
    <property name="java.class.path" value="C:\Users\Mokinys\Desktop\darbai\sprendsudoku\target\test-classes;C:\Users\Mokinys\Desktop\darbai\sprendsudoku\target\classes;C:\Users\Mokinys\.m2\repository\junit\junit\4.11\junit-4.11.jar;C:\Users\Mokinys\.m2\repository\org\hamcrest\hamcrest-core\1.3\hamcrest-core-1.3.jar;"/>
    <property name="java.vm.vendor" value="Oracle Corporation"/>
    <property name="sun.arch.data.model" value="64"/>
    <property name="user.variant" value=""/>
    <property name="java.vendor.url" value="https://java.oracle.com/"/>
    <property name="user.timezone" value="Europe/Vilnius"/>
    <property name="os.name" value="Windows 10"/>
    <property name="java.vm.specification.version" value="16"/>
    <property name="sun.java.launcher" value="SUN_STANDARD"/>
    <property name="user.country" value="LT"/>
    <property name="sun.boot.library.path" value="C:\Program Files\Java\jdk-16.0.1\bin"/>
    <property name="sun.java.command" value="C:\Users\Mokinys\AppData\Local\Temp\surefire11857503512515191314\surefirebooter4869139208550485635.jar C:\Users\Mokinys\AppData\Local\Temp\surefire11857503512515191314 2021-06-04T10-42-12_848-jvmRun1 surefire4828460694513387336tmp surefire_016599823509318888593tmp"/>
    <property name="jdk.debug" value="release"/>
    <property name="surefire.test.class.path" value="C:\Users\Mokinys\Desktop\darbai\sprendsudoku\target\test-classes;C:\Users\Mokinys\Desktop\darbai\sprendsudoku\target\classes;C:\Users\Mokinys\.m2\repository\junit\junit\4.11\junit-4.11.jar;C:\Users\Mokinys\.m2\repository\org\hamcrest\hamcrest-core\1.3\hamcrest-core-1.3.jar;"/>
    <property name="sun.cpu.endian" value="little"/>
    <property name="user.home" value="C:\Users\Mokinys"/>
    <property name="user.language" value="lt"/>
    <property name="java.specification.vendor" value="Oracle Corporation"/>
    <property name="java.version.date" value="2021-04-20"/>
    <property name="java.home" value="C:\Program Files\Java\jdk-16.0.1"/>
    <property name="file.separator" value="\"/>
    <property name="basedir" value="C:\Users\Mokinys\Desktop\darbai\sprendsudoku"/>
    <property name="java.vm.compressedOopsMode" value="32-bit"/>
    <property name="line.separator" value="&#10;"/>
    <property name="java.vm.specification.vendor" value="Oracle Corporation"/>
    <property name="java.specification.name" value="Java Platform API Specification"/>
    <property name="surefire.real.class.path" value="C:\Users\Mokinys\AppData\Local\Temp\surefire11857503512515191314\surefirebooter4869139208550485635.jar"/>
    <property name="user.script" value=""/>
    <property name="sun.management.compiler" value="HotSpot 64-Bit Tiered Compilers"/>
    <property name="java.runtime.version" value="16.0.1+9-24"/>
    <property name="user.name" value="Mokinys"/>
    <property name="path.separator" value=";"/>
    <property name="os.version" value="10.0"/>
    <property name="java.runtime.name" value="Java(TM) SE Runtime Environment"/>
    <property name="file.encoding" value="Cp1257"/>
    <property name="java.vm.name" value="Java HotSpot(TM) 64-Bit Server VM"/>
    <property name="localRepository" value="C:\Users\Mokinys\.m2\repository"/>
    <property name="java.vendor.url.bug" value="https://bugreport.java.com/bugreport/"/>
    <property name="java.io.tmpdir" value="C:\Users\Mokinys\AppData\Local\Temp\"/>
    <property name="java.version" value="16.0.1"/>
    <property name="user.dir" value="C:\Users\Mokinys\Desktop\darbai\sprendsudoku"/>
    <property name="os.arch" value="amd64"/>
    <property name="java.vm.specification.name" value="Java Virtual Machine Specification"/>
    <property name="sun.os.patch.level" value=""/>
    <property name="java.library.path" value="C:\Program Files\Java\jdk-16.0.1\bin;C:\WINDOWS\Sun\Java\bin;C:\WINDOWS\system32;C:\WINDOWS;C:\Program Files\Java\jdk-16.0.1\bin;C:\Program Files\Amazon Corretto\jdk11.0.10_9\bin;C:\Program Files\Common Files\Oracle\Java\javapath;C:\Program Files (x86)\Common Files\Oracle\Java\javapath;C:\ProgramData\Oracle\Java\javapath;C:\Program Files (x86)\NVIDIA Corporation\PhysX\Common;C:\Program Files\Broadcom\Broadcom 802.11 Network Adapter;C:\Program Files (x86)\Intel\iCLS Client\;C:\Program Files\Intel\iCLS Client\;C:\WINDOWS\system32;C:\WINDOWS;C:\WINDOWS\System32\Wbem;C:\WINDOWS\System32\WindowsPowerShell\v1.0\;C:\Program Files\Intel\Intel(R) Management Engine Components\DAL;C:\Program Files\Intel\Intel(R) Management Engine Components\IPT;C:\Program Files (x86)\Intel\Intel(R) Management Engine Components\DAL;C:\Program Files (x86)\Intel\Intel(R) Management Engine Components\IPT;C:\Program Files\ASUS\Bluetooth Software\;C:\Program Files\ASUS\Bluetooth Software\syswow64;C:\WINDOWS\System32\OpenSSH\;C:\Users\Mokinys\AppData\Local\Microsoft\WindowsApps;;C:\Users\Mokinys\Desktop\apache-maven-3.8.1\bin;."/>
    <property name="java.vm.info" value="mixed mode, sharing"/>
    <property name="java.vendor" value="Oracle Corporation"/>
    <property name="java.vm.version" value="16.0.1+9-24"/>
    <property name="sun.io.unicode.encoding" value="UnicodeLittle"/>
    <property name="java.class.version" value="60.0"/>
  </properties>
  <testcase name="shouldAnswerWithTrue" classname="sudoku.AppTest" time="0.003"/>
  <testcase name="skaiciuIrasymas" classname="sudoku.AppTest" time="0.027">
    <failure message="8 kvadratas neatitinka   expected:&lt;00050[3]070&gt; but was:&lt;00050[0]070&gt;" type="org.junit.ComparisonFailure"><![CDATA[org.junit.ComparisonFailure: 8 kvadratas neatitinka   expected:<00050[3]070> but was:<00050[0]070>
	at sudoku.AppTest.skaiciuIrasymas(AppTest.java:66)
]]></failure>
  </testcase>
  <testcase name="tikrinameIspakavima" classname="sudoku.AppTest" time="0.008"/>
  <testcase name="kvadratoNrTikrinimas" classname="sudoku.AppTest" time="0.121"/>
</testsuite>